This is pdfTeX, Version 3.141592653-2.6-1.40.25 (TeX Live 2023) (preloaded format=pdflatex 2026.1.29)  27 FEB 2026 10:37
entering extended mode
 restricted \write18 enabled.
 %&-line parsing enabled.
**newOne.tex
(./newOne.tex
LaTeX2e <2022-11-01> patch level 1
L3 programming layer <2023-02-22> (./IEEEtran.cls
Document Class: IEEEtran 2015/08/26 V1.8b by Michael Shell
-- See the "IEEEtran_HOWTO" manual for usage information.
-- http://www.michaelshell.org/tex/ieeetran/
\@IEEEtrantmpdimenA=\dimen140
\@IEEEtrantmpdimenB=\dimen141
\@IEEEtrantmpdimenC=\dimen142
\@IEEEtrantmpcountA=\count185
\@IEEEtrantmpcountB=\count186
\@IEEEtrantmpcountC=\count187
\@IEEEtrantmptoksA=\toks16
LaTeX Font Info:    Trying to load font information for OT1+ptm on input line 5
03.
(/usr/share/texlive/texmf-dist/tex/latex/psnfss/ot1ptm.fd
File: ot1ptm.fd 2001/06/04 font definitions for OT1/ptm.
)
-- Using 8.5in x 11in (letter) paper.
-- Using PDF output.
\@IEEEnormalsizeunitybaselineskip=\dimen143
-- This is a 10 point document.
\CLASSINFOnormalsizebaselineskip=\dimen144
\CLASSINFOnormalsizeunitybaselineskip=\dimen145
\IEEEnormaljot=\dimen146
LaTeX Font Info:    Font shape `OT1/ptm/bx/n' in size <5> not available
(Font)              Font shape `OT1/ptm/b/n' tried instead on input line 1090.
LaTeX Font Info:    Font shape `OT1/ptm/bx/it' in size <5> not available
(Font)              Font shape `OT1/ptm/b/it' tried instead on input line 1090.

LaTeX Font Info:    Font shape `OT1/ptm/bx/n' in size <7> not available
(Font)              Font shape `OT1/ptm/b/n' tried instead on input line 1090.
LaTeX Font Info:    Font shape `OT1/ptm/bx/it' in size <7> not available
(Font)              Font shape `OT1/ptm/b/it' tried instead on input line 1090.

LaTeX Font Info:    Font shape `OT1/ptm/bx/n' in size <8> not available
(Font)              Font shape `OT1/ptm/b/n' tried instead on input line 1090.
LaTeX Font Info:    Font shape `OT1/ptm/bx/it' in size <8> not available
(Font)              Font shape `OT1/ptm/b/it' tried instead on input line 1090.

LaTeX Font Info:    Font shape `OT1/ptm/bx/n' in size <9> not available
(Font)              Font shape `OT1/ptm/b/n' tried instead on input line 1090.
LaTeX Font Info:    Font shape `OT1/ptm/bx/it' in size <9> not available
(Font)              Font shape `OT1/ptm/b/it' tried instead on input line 1090.

LaTeX Font Info:    Font shape `OT1/ptm/bx/n' in size <10> not available
(Font)              Font shape `OT1/ptm/b/n' tried instead on input line 1090.
LaTeX Font Info:    Font shape `OT1/ptm/bx/it' in size <10> not available
(Font)              Font shape `OT1/ptm/b/it' tried instead on input line 1090.

LaTeX Font Info:    Font shape `OT1/ptm/bx/n' in size <11> not available
(Font)              Font shape `OT1/ptm/b/n' tried instead on input line 1090.
LaTeX Font Info:    Font shape `OT1/ptm/bx/it' in size <11> not available
(Font)              Font shape `OT1/ptm/b/it' tried instead on input line 1090.

LaTeX Font Info:    Font shape `OT1/ptm/bx/n' in size <12> not available
(Font)              Font shape `OT1/ptm/b/n' tried instead on input line 1090.
LaTeX Font Info:    Font shape `OT1/ptm/bx/it' in size <12> not available
(Font)              Font shape `OT1/ptm/b/it' tried instead on input line 1090.

LaTeX Font Info:    Font shape `OT1/ptm/bx/n' in size <17> not available
(Font)              Font shape `OT1/ptm/b/n' tried instead on input line 1090.
LaTeX Font Info:    Font shape `OT1/ptm/bx/it' in size <17> not available
(Font)              Font shape `OT1/ptm/b/it' tried instead on input line 1090.

LaTeX Font Info:    Font shape `OT1/ptm/bx/n' in size <20> not available
(Font)              Font shape `OT1/ptm/b/n' tried instead on input line 1090.
LaTeX Font Info:    Font shape `OT1/ptm/bx/it' in size <20> not available
(Font)              Font shape `OT1/ptm/b/it' tried instead on input line 1090.

LaTeX Font Info:    Font shape `OT1/ptm/bx/n' in size <24> not available
(Font)              Font shape `OT1/ptm/b/n' tried instead on input line 1090.
LaTeX Font Info:    Font shape `OT1/ptm/bx/it' in size <24> not available
(Font)              Font shape `OT1/ptm/b/it' tried instead on input line 1090.

\IEEEquantizedlength=\dimen147
\IEEEquantizedlengthdiff=\dimen148
\IEEEquantizedtextheightdiff=\dimen149
\IEEEilabelindentA=\dimen150
\IEEEilabelindentB=\dimen151
\IEEEilabelindent=\dimen152
\IEEEelabelindent=\dimen153
\IEEEdlabelindent=\dimen154
\IEEElabelindent=\dimen155
\IEEEiednormlabelsep=\dimen156
\IEEEiedmathlabelsep=\dimen157
\IEEEiedtopsep=\skip48
\c@section=\count188
\c@subsection=\count189
\c@subsubsection=\count190
\c@paragraph=\count191
\c@IEEEsubequation=\count192
\abovecaptionskip=\skip49
\belowcaptionskip=\skip50
\c@figure=\count193
\c@table=\count194
\@IEEEeqnnumcols=\count195
\@IEEEeqncolcnt=\count196
\@IEEEsubeqnnumrollback=\count197
\@IEEEquantizeheightA=\dimen158
\@IEEEquantizeheightB=\dimen159
\@IEEEquantizeheightC=\dimen160
\@IEEEquantizeprevdepth=\dimen161
\@IEEEquantizemultiple=\count198
\@IEEEquantizeboxA=\box51
\@IEEEtmpitemindent=\dimen162
\IEEEPARstartletwidth=\dimen163
\c@IEEEbiography=\count199
\@IEEEtranrubishbin=\box52
) (/usr/share/texlive/texmf-dist/tex/latex/cite/cite.sty
LaTeX Info: Redefining \cite on input line 302.
LaTeX Info: Redefining \nocite on input line 332.
Package: cite 2015/02/27  v 5.5
)
(/usr/share/texlive/texmf-dist/tex/latex/amsmath/amsmath.sty
Package: amsmath 2022/04/08 v2.17n AMS math features
\@mathmargin=\skip51

For additional information on amsmath, use the `?' option.
(/usr/share/texlive/texmf-dist/tex/latex/amsmath/amstext.sty
Package: amstext 2021/08/26 v2.01 AMS text

(/usr/share/texlive/texmf-dist/tex/latex/amsmath/amsgen.sty
File: amsgen.sty 1999/11/30 v2.0 generic functions
\@emptytoks=\toks17
\ex@=\dimen164
))
(/usr/share/texlive/texmf-dist/tex/latex/amsmath/amsbsy.sty
Package: amsbsy 1999/11/29 v1.2d Bold Symbols
\pmbraise@=\dimen165
)
(/usr/share/texlive/texmf-dist/tex/latex/amsmath/amsopn.sty
Package: amsopn 2022/04/08 v2.04 operator names
)
\inf@bad=\count266
LaTeX Info: Redefining \frac on input line 234.
\uproot@=\count267
\leftroot@=\count268
LaTeX Info: Redefining \overline on input line 399.
LaTeX Info: Redefining \colon on input line 410.
\classnum@=\count269
\DOTSCASE@=\count270
LaTeX Info: Redefining \ldots on input line 496.
LaTeX Info: Redefining \dots on input line 499.
LaTeX Info: Redefining \cdots on input line 620.
\Mathstrutbox@=\box53
\strutbox@=\box54
LaTeX Info: Redefining \big on input line 722.
LaTeX Info: Redefining \Big on input line 723.
LaTeX Info: Redefining \bigg on input line 724.
LaTeX Info: Redefining \Bigg on input line 725.
\big@size=\dimen166
LaTeX Font Info:    Redeclaring font encoding OML on input line 743.
LaTeX Font Info:    Redeclaring font encoding OMS on input line 744.
\macc@depth=\count271
LaTeX Info: Redefining \bmod on input line 905.
LaTeX Info: Redefining \pmod on input line 910.
LaTeX Info: Redefining \smash on input line 940.
LaTeX Info: Redefining \relbar on input line 970.
LaTeX Info: Redefining \Relbar on input line 971.
\c@MaxMatrixCols=\count272
\dotsspace@=\muskip16
\c@parentequation=\count273
\dspbrk@lvl=\count274
\tag@help=\toks18
\row@=\count275
\column@=\count276
\maxfields@=\count277
\andhelp@=\toks19
\eqnshift@=\dimen167
\alignsep@=\dimen168
\tagshift@=\dimen169
\tagwidth@=\dimen170
\totwidth@=\dimen171
\lineht@=\dimen172
\@envbody=\toks20
\multlinegap=\skip52
\multlinetaggap=\skip53
\mathdisplay@stack=\toks21
LaTeX Info: Redefining \[ on input line 2953.
LaTeX Info: Redefining \] on input line 2954.
)
(/usr/share/texlive/texmf-dist/tex/latex/amsfonts/amssymb.sty
Package: amssymb 2013/01/14 v3.01 AMS font symbols

(/usr/share/texlive/texmf-dist/tex/latex/amsfonts/amsfonts.sty
Package: amsfonts 2013/01/14 v3.01 Basic AMSFonts support
\symAMSa=\mathgroup4
\symAMSb=\mathgroup5
LaTeX Font Info:    Redeclaring math symbol \hbar on input line 98.
LaTeX Font Info:    Overwriting math alphabet `\mathfrak' in version `bold'
(Font)                  U/euf/m/n --> U/euf/b/n on input line 106.
))
(/usr/share/texlive/texmf-dist/tex/latex/algorithms/algorithm.sty
Package: algorithm 2009/08/24 v0.1 Document Style `algorithm' - floating enviro
nment

(/usr/share/texlive/texmf-dist/tex/latex/float/float.sty
Package: float 2001/11/08 v1.3d Float enhancements (AL)
\c@float@type=\count278
\float@exts=\toks22
\float@box=\box55
\@float@everytoks=\toks23
\@floatcapt=\box56
)
(/usr/share/texlive/texmf-dist/tex/latex/base/ifthen.sty
Package: ifthen 2022/04/13 v1.1d Standard LaTeX ifthen package (DPC)
)
\@float@every@algorithm=\toks24
\c@algorithm=\count279
)
(/usr/share/texlive/texmf-dist/tex/latex/algorithms/algorithmic.sty
Package: algorithmic 2009/08/24 v0.1 Document Style `algorithmic'

(/usr/share/texlive/texmf-dist/tex/latex/graphics/keyval.sty
Package: keyval 2022/05/29 v1.15 key=value parser (DPC)
\KV@toks@=\toks25
)
\c@ALC@unique=\count280
\c@ALC@line=\count281
\c@ALC@rem=\count282
\c@ALC@depth=\count283
\ALC@tlm=\skip54
\algorithmicindent=\skip55
)
(/usr/share/texlive/texmf-dist/tex/latex/graphics/graphicx.sty
Package: graphicx 2021/09/16 v1.2d Enhanced LaTeX Graphics (DPC,SPQR)

(/usr/share/texlive/texmf-dist/tex/latex/graphics/graphics.sty
Package: graphics 2022/03/10 v1.4e Standard LaTeX Graphics (DPC,SPQR)

(/usr/share/texlive/texmf-dist/tex/latex/graphics/trig.sty
Package: trig 2021/08/11 v1.11 sin cos tan (DPC)
)
(/usr/share/texlive/texmf-dist/tex/latex/graphics-cfg/graphics.cfg
File: graphics.cfg 2016/06/04 v1.11 sample graphics configuration
)
Package graphics Info: Driver file: pdftex.def on input line 107.

(/usr/share/texlive/texmf-dist/tex/latex/graphics-def/pdftex.def
File: pdftex.def 2022/09/22 v1.2b Graphics/color driver for pdftex
))
\Gin@req@height=\dimen173
\Gin@req@width=\dimen174
)
(/usr/share/texlive/texmf-dist/tex/latex/base/textcomp.sty
Package: textcomp 2020/02/02 v2.0n Standard LaTeX package
)
(/usr/share/texlive/texmf-dist/tex/latex/xcolor/xcolor.sty
Package: xcolor 2022/06/12 v2.14 LaTeX color extensions (UK)

(/usr/share/texlive/texmf-dist/tex/latex/graphics-cfg/color.cfg
File: color.cfg 2016/01/02 v1.6 sample color configuration
)
Package xcolor Info: Driver file: pdftex.def on input line 227.

(/usr/share/texlive/texmf-dist/tex/latex/graphics/mathcolor.ltx)
Package xcolor Info: Model `cmy' substituted by `cmy0' on input line 1353.
Package xcolor Info: Model `hsb' substituted by `rgb' on input line 1357.
Package xcolor Info: Model `RGB' extended on input line 1369.
Package xcolor Info: Model `HTML' substituted by `rgb' on input line 1371.
Package xcolor Info: Model `Hsb' substituted by `hsb' on input line 1372.
Package xcolor Info: Model `tHsb' substituted by `hsb' on input line 1373.
Package xcolor Info: Model `HSB' substituted by `hsb' on input line 1374.
Package xcolor Info: Model `Gray' substituted by `gray' on input line 1375.
Package xcolor Info: Model `wave' substituted by `hsb' on input line 1376.
)
(/usr/share/texlive/texmf-dist/tex/latex/booktabs/booktabs.sty
Package: booktabs 2020/01/12 v1.61803398 Publication quality tables
\heavyrulewidth=\dimen175
\lightrulewidth=\dimen176
\cmidrulewidth=\dimen177
\belowrulesep=\dimen178
\belowbottomsep=\dimen179
\aboverulesep=\dimen180
\abovetopsep=\dimen181
\cmidrulesep=\dimen182
\cmidrulekern=\dimen183
\defaultaddspace=\dimen184
\@cmidla=\count284
\@cmidlb=\count285
\@aboverulesep=\dimen185
\@belowrulesep=\dimen186
\@thisruleclass=\count286
\@lastruleclass=\count287
\@thisrulewidth=\dimen187
)
(/usr/share/texlive/texmf-dist/tex/latex/multirow/multirow.sty
Package: multirow 2021/03/15 v2.8 Span multiple rows of a table
\multirow@colwidth=\skip56
\multirow@cntb=\count288
\multirow@dima=\skip57
\bigstrutjot=\dimen188
)
(/usr/share/texlive/texmf-dist/tex/latex/tools/array.sty
Package: array 2022/09/04 v2.5g Tabular extension package (FMi)
\col@sep=\dimen189
\ar@mcellbox=\box57
\extrarowheight=\dimen190
\NC@list=\toks26
\extratabsurround=\skip58
\backup@length=\skip59
\ar@cellbox=\box58
)
(/usr/share/texlive/texmf-dist/tex/latex/hyperref/hyperref.sty
Package: hyperref 2023-02-07 v7.00v Hypertext links for LaTeX

(/usr/share/texlive/texmf-dist/tex/generic/ltxcmds/ltxcmds.sty
Package: ltxcmds 2020-05-10 v1.25 LaTeX kernel commands for general use (HO)
)
(/usr/share/texlive/texmf-dist/tex/generic/iftex/iftex.sty
Package: iftex 2022/02/03 v1.0f TeX engine tests
)
(/usr/share/texlive/texmf-dist/tex/generic/pdftexcmds/pdftexcmds.sty
Package: pdftexcmds 2020-06-27 v0.33 Utility functions of pdfTeX for LuaTeX (HO
)

(/usr/share/texlive/texmf-dist/tex/generic/infwarerr/infwarerr.sty
Package: infwarerr 2019/12/03 v1.5 Providing info/warning/error messages (HO)
)
Package pdftexcmds Info: \pdf@primitive is available.
Package pdftexcmds Info: \pdf@ifprimitive is available.
Package pdftexcmds Info: \pdfdraftmode found.
)
(/usr/share/texlive/texmf-dist/tex/latex/kvsetkeys/kvsetkeys.sty
Package: kvsetkeys 2022-10-05 v1.19 Key value parser (HO)
)
(/usr/share/texlive/texmf-dist/tex/generic/kvdefinekeys/kvdefinekeys.sty
Package: kvdefinekeys 2019-12-19 v1.6 Define keys (HO)
)
(/usr/share/texlive/texmf-dist/tex/generic/pdfescape/pdfescape.sty
Package: pdfescape 2019/12/09 v1.15 Implements pdfTeX's escape features (HO)
)
(/usr/share/texlive/texmf-dist/tex/latex/hycolor/hycolor.sty
Package: hycolor 2020-01-27 v1.10 Color options for hyperref/bookmark (HO)
)
(/usr/share/texlive/texmf-dist/tex/latex/letltxmacro/letltxmacro.sty
Package: letltxmacro 2019/12/03 v1.6 Let assignment for LaTeX macros (HO)
)
(/usr/share/texlive/texmf-dist/tex/latex/auxhook/auxhook.sty
Package: auxhook 2019-12-17 v1.6 Hooks for auxiliary files (HO)
)
(/usr/share/texlive/texmf-dist/tex/latex/hyperref/nameref.sty
Package: nameref 2022-05-17 v2.50 Cross-referencing by name of section

(/usr/share/texlive/texmf-dist/tex/latex/refcount/refcount.sty
Package: refcount 2019/12/15 v3.6 Data extraction from label references (HO)
)
(/usr/share/texlive/texmf-dist/tex/generic/gettitlestring/gettitlestring.sty
Package: gettitlestring 2019/12/15 v1.6 Cleanup title references (HO)

(/usr/share/texlive/texmf-dist/tex/latex/kvoptions/kvoptions.sty
Package: kvoptions 2022-06-15 v3.15 Key value format for package options (HO)
))
\c@section@level=\count289
)
\@linkdim=\dimen191
\Hy@linkcounter=\count290
\Hy@pagecounter=\count291

(/usr/share/texlive/texmf-dist/tex/latex/hyperref/pd1enc.def
File: pd1enc.def 2023-02-07 v7.00v Hyperref: PDFDocEncoding definition (HO)
Now handling font encoding PD1 ...
... no UTF-8 mapping file for font encoding PD1
)
(/usr/share/texlive/texmf-dist/tex/generic/intcalc/intcalc.sty
Package: intcalc 2019/12/15 v1.3 Expandable calculations with integers (HO)
)
(/usr/share/texlive/texmf-dist/tex/generic/etexcmds/etexcmds.sty
Package: etexcmds 2019/12/15 v1.7 Avoid name clashes with e-TeX commands (HO)
)
\Hy@SavedSpaceFactor=\count292

(/usr/share/texlive/texmf-dist/tex/latex/hyperref/puenc.def
File: puenc.def 2023-02-07 v7.00v Hyperref: PDF Unicode definition (HO)
Now handling font encoding PU ...
... no UTF-8 mapping file for font encoding PU
)
Package hyperref Info: Hyper figures OFF on input line 4177.
Package hyperref Info: Link nesting OFF on input line 4182.
Package hyperref Info: Hyper index ON on input line 4185.
Package hyperref Info: Plain pages OFF on input line 4192.
Package hyperref Info: Backreferencing OFF on input line 4197.
Package hyperref Info: Implicit mode ON; LaTeX internals redefined.
Package hyperref Info: Bookmarks ON on input line 4425.
\c@Hy@tempcnt=\count293

(/usr/share/texlive/texmf-dist/tex/latex/url/url.sty
\Urlmuskip=\muskip17
Package: url 2013/09/16  ver 3.4  Verb mode for urls, etc.
)
LaTeX Info: Redefining \url on input line 4763.
\XeTeXLinkMargin=\dimen192

(/usr/share/texlive/texmf-dist/tex/generic/bitset/bitset.sty
Package: bitset 2019/12/09 v1.3 Handle bit-vector datatype (HO)

(/usr/share/texlive/texmf-dist/tex/generic/bigintcalc/bigintcalc.sty
Package: bigintcalc 2019/12/15 v1.5 Expandable calculations on big integers (HO
)
))
\Fld@menulength=\count294
\Field@Width=\dimen193
\Fld@charsize=\dimen194
Package hyperref Info: Hyper figures OFF on input line 6042.
Package hyperref Info: Link nesting OFF on input line 6047.
Package hyperref Info: Hyper index ON on input line 6050.
Package hyperref Info: backreferencing OFF on input line 6057.
Package hyperref Info: Link coloring OFF on input line 6062.
Package hyperref Info: Link coloring with OCG OFF on input line 6067.
Package hyperref Info: PDF/A mode OFF on input line 6072.

(/usr/share/texlive/texmf-dist/tex/latex/base/atbegshi-ltx.sty
Package: atbegshi-ltx 2021/01/10 v1.0c Emulation of the original atbegshi
package with kernel methods
)
\Hy@abspage=\count295
\c@Item=\count296
\c@Hfootnote=\count297
)
Package hyperref Info: Driver (autodetected): hpdftex.

(/usr/share/texlive/texmf-dist/tex/latex/hyperref/hpdftex.def
File: hpdftex.def 2023-02-07 v7.00v Hyperref driver for pdfTeX

(/usr/share/texlive/texmf-dist/tex/latex/base/atveryend-ltx.sty
Package: atveryend-ltx 2020/08/19 v1.0a Emulation of the original atveryend pac
kage
with kernel methods
)
\Fld@listcount=\count298
\c@bookmark@seq@number=\count299

(/usr/share/texlive/texmf-dist/tex/latex/rerunfilecheck/rerunfilecheck.sty
Package: rerunfilecheck 2022-07-10 v1.10 Rerun checks for auxiliary files (HO)

(/usr/share/texlive/texmf-dist/tex/generic/uniquecounter/uniquecounter.sty
Package: uniquecounter 2019/12/15 v1.4 Provide unlimited unique counter (HO)
)
Package uniquecounter Info: New unique counter `rerunfilecheck' on input line 2
85.
)
\Hy@SectionHShift=\skip60
)
(/usr/share/texlive/texmf-dist/tex/latex/tools/tabularx.sty
Package: tabularx 2020/01/15 v2.11c `tabularx' package (DPC)
\TX@col@width=\dimen195
\TX@old@table=\dimen196
\TX@old@col=\dimen197
\TX@target=\dimen198
\TX@delta=\dimen199
\TX@cols=\count300
\TX@ftn=\toks27
)
(/usr/share/texlive/texmf-dist/tex/latex/l3backend/l3backend-pdftex.def
File: l3backend-pdftex.def 2023-01-16 L3 backend support: PDF output (pdfTeX)
\l__color_backend_stack_int=\count301
\l__pdf_internal_box=\box59
)
(./newOne.aux)
\openout1 = `newOne.aux'.

LaTeX Font Info:    Checking defaults for OML/cmm/m/it on input line 27.
LaTeX Font Info:    ... okay on input line 27.
LaTeX Font Info:    Checking defaults for OMS/cmsy/m/n on input line 27.
LaTeX Font Info:    ... okay on input line 27.
LaTeX Font Info:    Checking defaults for OT1/cmr/m/n on input line 27.
LaTeX Font Info:    ... okay on input line 27.
LaTeX Font Info:    Checking defaults for T1/cmr/m/n on input line 27.
LaTeX Font Info:    ... okay on input line 27.
LaTeX Font Info:    Checking defaults for TS1/cmr/m/n on input line 27.
LaTeX Font Info:    ... okay on input line 27.
LaTeX Font Info:    Checking defaults for OMX/cmex/m/n on input line 27.
LaTeX Font Info:    ... okay on input line 27.
LaTeX Font Info:    Checking defaults for U/cmr/m/n on input line 27.
LaTeX Font Info:    ... okay on input line 27.
LaTeX Font Info:    Checking defaults for PD1/pdf/m/n on input line 27.
LaTeX Font Info:    ... okay on input line 27.
LaTeX Font Info:    Checking defaults for PU/pdf/m/n on input line 27.
LaTeX Font Info:    ... okay on input line 27.

-- Lines per column: 56 (exact).
(/usr/share/texlive/texmf-dist/tex/context/base/mkii/supp-pdf.mkii
[Loading MPS to PDF converter (version 2006.09.02).]
\scratchcounter=\count302
\scratchdimen=\dimen256
\scratchbox=\box60
\nofMPsegments=\count303
\nofMParguments=\count304
\everyMPshowfont=\toks28
\MPscratchCnt=\count305
\MPscratchDim=\dimen257
\MPnumerator=\count306
\makeMPintoPDFobject=\count307
\everyMPtoPDFconversion=\toks29
) (/usr/share/texlive/texmf-dist/tex/latex/epstopdf-pkg/epstopdf-base.sty
Package: epstopdf-base 2020-01-24 v2.11 Base part for package epstopdf
Package epstopdf-base Info: Redefining graphics rule for `.eps' on input line 4
85.

(/usr/share/texlive/texmf-dist/tex/latex/latexconfig/epstopdf-sys.cfg
File: epstopdf-sys.cfg 2010/07/13 v1.3 Configuration of (r)epstopdf for TeX Liv
e
))
Package hyperref Info: Link coloring OFF on input line 27.

(./newOne.out) (./newOne.out)
\@outlinefile=\write3
\openout3 = `newOne.out'.

LaTeX Font Info:    Calculating math sizes for size <11> on input line 37.
LaTeX Font Info:    Trying to load font information for U+msa on input line 37.


(/usr/share/texlive/texmf-dist/tex/latex/amsfonts/umsa.fd
File: umsa.fd 2013/01/14 v3.01 AMS symbols A
)
LaTeX Font Info:    Trying to load font information for U+msb on input line 37.


(/usr/share/texlive/texmf-dist/tex/latex/amsfonts/umsb.fd
File: umsb.fd 2013/01/14 v3.01 AMS symbols B
) [1{/var/lib/texmf/fonts/map/pdftex/updmap/pdftex.map}{/usr/share/texlive/texm
f-dist/fonts/enc/dvips/base/8r.enc}


]
Underfull \hbox (badness 1509) in paragraph at lines 93--94
\OT1/ptm/m/n/10 sophisticated---geographically weighted re-gres-sion brought
 []


Underfull \hbox (badness 3758) in paragraph at lines 95--96
[]\OT1/ptm/m/n/10 Deep learn-ing mod-els have set new records lately.
 []


Underfull \hbox (badness 1622) in paragraph at lines 128--128
[]|\OT1/ptm/m/n/8 ARIMA with sea-sonal
 []


Underfull \hbox (badness 1859) in paragraph at lines 128--128
[]|\OT1/ptm/m/n/8 Captures tem-po-ral au-to-cor-re-la-tion;
 []


Underfull \hbox (badness 3701) in paragraph at lines 128--129
[]|\OT1/ptm/m/n/8 Assumes lin-ear re-la-tion-ships; re-
 []


Underfull \hbox (badness 1874) in paragraph at lines 128--129
\OT1/ptm/m/n/8 quires sta-tion-ary data; no spa-tial
 []


Underfull \hbox (badness 3343) in paragraph at lines 130--130
[]|\OT1/ptm/m/n/8 Decomposable ad-di-tive
 []


Underfull \hbox (badness 10000) in paragraph at lines 132--132
[]|\OT1/ptm/m/n/8 Geographically
 []


Underfull \hbox (badness 3312) in paragraph at lines 132--132
[]|\OT1/ptm/m/n/8 Incorporates spa-tial de-pen-den-cies;
 []


Underfull \hbox (badness 8038) in paragraph at lines 132--133
\OT1/ptm/m/n/8 spa-tial sta-tion-ar-ity; no tem-po-ral
 []


Underfull \hbox (badness 5607) in paragraph at lines 136--136
[]|\OT1/ptm/m/n/8 Ensemble of de-ci-sion
 []


Underfull \hbox (badness 10000) in paragraph at lines 136--136
[]|\OT1/ptm/m/n/8 Handles non-linear re-la-tion-ships;
 []


Underfull \hbox (badness 5696) in paragraph at lines 140--141
\OT1/ptm/m/n/8 abil-ity; no de-mo-graphic fair-ness
 []


Underfull \hbox (badness 7415) in paragraph at lines 144--144
[]|\OT1/ptm/m/n/8 Recurrent neu-ral net-
 []


Underfull \hbox (badness 10000) in paragraph at lines 146--146
[]|\OT1/ptm/m/n/8 Captures hi-er-ar-chi-cal spatial-
 []


Underfull \hbox (badness 10000) in paragraph at lines 146--146
\OT1/ptm/m/n/8 temporal pat-terns; at-ten-tion for
 []


Underfull \hbox (badness 10000) in paragraph at lines 148--148
[]|\OT1/ptm/m/n/8 Self-attention
 []


Underfull \hbox (badness 10000) in paragraph at lines 150--150
[]|\OT1/ptm/m/n/8 Temporal at-ten-tion
 []


Underfull \hbox (badness 2443) in paragraph at lines 150--150
\OT1/ptm/m/n/8 mech-a-nisms for crime
 []


Underfull \hbox (badness 1748) in paragraph at lines 150--151
\OT1/ptm/m/n/8 no de-mo-graphic group con-sid-er-a-
 []


Underfull \hbox (badness 10000) in paragraph at lines 158--158
[]|\OT1/ptm/m/n/8 Convex op-ti-miza-tion
 []


Underfull \hbox (badness 6316) in paragraph at lines 158--158
[]|\OT1/ptm/m/n/8 In-processing fair-ness; the-o-ret-i-cal
 []


Underfull \hbox (badness 3895) in paragraph at lines 158--158
\OT1/ptm/m/n/8 guar-an-tees; ap-pli-ca-ble to var-i-ous
 []


Underfull \hbox (badness 2126) in paragraph at lines 158--159
[]|\OT1/ptm/m/n/8 Limited to con-vex prob-lems; bi-
 []


Underfull \hbox (badness 10000) in paragraph at lines 160--160
[]|\OT1/ptm/m/n/8 Under-reporting aware
 []


Underfull \hbox (badness 10000) in paragraph at lines 164--164
[]|\OT1/ptm/m/n/8 Causal in-fer-ence for
 []


Underfull \hbox (badness 5802) in paragraph at lines 166--166
[]|\OT1/ptm/m/n/8 Bias anal-y-sis in AI-
 []


Underfull \hbox (badness 10000) in paragraph at lines 168--168
[]|\OT1/ptm/b/n/8 FC-MT-LSTM
 []


Underfull \hbox (badness 10000) in paragraph at lines 168--168
[]|\OT1/ptm/m/n/8 Group-specific de-coders; ex-plicit
 []


Underfull \hbox (badness 10000) in paragraph at lines 168--168
\OT1/ptm/m/n/8 fair-ness op-ti-miza-tion; spatial-
 []


LaTeX Warning: Float too large for page by 64.97397pt on input line 171.

[2] [3]
Underfull \hbox (badness 1596) in paragraph at lines 238--239
[]\OT1/ptm/b/n/10 Temporal Fea-tures\OT1/ptm/m/n/10 : These in-clude time-lagge
d crime
 []


Underfull \hbox (badness 3954) in paragraph at lines 266--268
[]\OT1/ptm/m/n/10 The Fairness-Constrained Multi-Task LSTM (FC-MT-
 []

<figures/fig8_architecture.pdf, id=259, 860.01299pt x 570.93298pt>
File: figures/fig8_architecture.pdf Graphic file (type pdf)
<use figures/fig8_architecture.pdf>
Package pdftex.def Info: figures/fig8_architecture.pdf  used on input line 278.

(pdftex.def)             Requested size: 252.0pt x 167.29124pt.
[4 <./figures/fig8_architecture.pdf>]
Overfull \hbox (3.80077pt too wide) detected at line 350
[][][][] \OT1/cmr/m/n/10 = [][](\OML/cmm/m/it/10 H[]\OT1/cmr/m/n/10 ) []\OML/cm
m/m/it/10 g \OMS/cmsy/m/n/10 2 f[]g
 []

Package hyperref Info: bookmark level for unknown algorithm defaults to 0 on in
put line 398.

Underfull \hbox (badness 10000) in paragraph at lines 408--409
[] []\OT1/ptm/m/n/10 Extract tem-po-ral fea-tures: $\OML/cmm/m/it/10 H[] \OT1/c
mr/m/n/10 =
 []


Underfull \hbox (badness 1590) in paragraph at lines 434--435
[]\OT1/ptm/m/n/10 We bench-mark FC-MT-LSTM against six di-verse ap-
 []

[5]
Underfull \hbox (badness 2495) in paragraph at lines 503--504
[]\OT1/ptm/m/n/10 The fair-ness ra-tio of 1.99 in-di-cates that the worst-
 []

<figures/fig1_model_comparison.pdf, id=420, 860.38933pt x 281.87042pt>
File: figures/fig1_model_comparison.pdf Graphic file (type pdf)
<use figures/fig1_model_comparison.pdf>
Package pdftex.def Info: figures/fig1_model_comparison.pdf  used on input line 
509.
(pdftex.def)             Requested size: 516.0pt x 169.04613pt.
<figures/fig3_per_group_performance.pdf, id=423, 715.22769pt x 281.82036pt>
File: figures/fig3_per_group_performance.pdf Graphic file (type pdf)
<use figures/fig3_per_group_performance.pdf>
Package pdftex.def Info: figures/fig3_per_group_performance.pdf  used on input 
line 542.
(pdftex.def)             Requested size: 252.0pt x 99.29224pt.
<figures/fig2_accuracy_fairness_tradeoff.pdf, id=425, 570.61429pt x 426.01671pt
>
File: figures/fig2_accuracy_fairness_tradeoff.pdf Graphic file (type pdf)
<use figures/fig2_accuracy_fairness_tradeoff.pdf>
Package pdftex.def Info: figures/fig2_accuracy_fairness_tradeoff.pdf  used on i
nput line 553.
(pdftex.def)             Requested size: 252.0pt x 188.13698pt.
[6]
Underfull \vbox (badness 4699) has occurred while \output is active []

 [7 <./figures/fig1_model_comparison.pdf> <./figures/fig3_per_group_performance
.pdf> <./figures/fig2_accuracy_fairness_tradeoff.pdf>] [8]

** Conference Paper **
Before submitting the final camera ready copy, remember to:

 1. Manually equalize the lengths of two columns on the last page
 of your paper;

 2. Ensure that any PostScript and/or PDF output post-processing
 uses only Type 1 fonts and that every step in the generation
 process uses the appropriate paper size.

[9] (./newOne.aux)
Package rerunfilecheck Info: File `newOne.out' has not changed.
(rerunfilecheck)             Checksum: 1574CF37EE39AF3D72489EEA1BC32EA4;6329.
 ) 
Here is how much of TeX's memory you used:
 11685 strings out of 477985
 184502 string characters out of 5839380
 1886388 words of memory out of 6000000
 31563 multiletter control sequences out of 15000+600000
 557043 words of font info for 120 fonts, out of 8000000 for 9000
 14 hyphenation exceptions out of 8191
 75i,14n,76p,1653b,560s stack positions out of 10000i,1000n,20000p,200000b,200000s
</usr/share/texlive/texmf-dist/fonts/type1/public/amsfonts/cm/cmex10.pfb></us
r/share/texlive/texmf-dist/fonts/type1/public/amsfonts/cmextra/cmex7.pfb></usr/
share/texlive/texmf-dist/fonts/type1/public/amsfonts/cm/cmmi10.pfb></usr/share/
texlive/texmf-dist/fonts/type1/public/amsfonts/cm/cmmi5.pfb></usr/share/texlive
/texmf-dist/fonts/type1/public/amsfonts/cm/cmmi7.pfb></usr/share/texlive/texmf-
dist/fonts/type1/public/amsfonts/cm/cmr10.pfb></usr/share/texlive/texmf-dist/fo
nts/type1/public/amsfonts/cm/cmr5.pfb></usr/share/texlive/texmf-dist/fonts/type
1/public/amsfonts/cm/cmr6.pfb></usr/share/texlive/texmf-dist/fonts/type1/public
/amsfonts/cm/cmr7.pfb></usr/share/texlive/texmf-dist/fonts/type1/public/amsfont
s/cm/cmsy10.pfb></usr/share/texlive/texmf-dist/fonts/type1/public/amsfonts/cm/c
msy7.pfb></usr/share/texlive/texmf-dist/fonts/type1/public/amsfonts/cm/cmsy8.pf
b></usr/share/texlive/texmf-dist/fonts/type1/public/amsfonts/symbols/msbm10.pfb
></usr/share/texlive/texmf-dist/fonts/type1/urw/times/utmb8a.pfb></usr/share/te
xlive/texmf-dist/fonts/type1/urw/times/utmbi8a.pfb></usr/share/texlive/texmf-di
st/fonts/type1/urw/times/utmr8a.pfb></usr/share/texlive/texmf-dist/fonts/type1/
urw/times/utmri8a.pfb>
Output written on newOne.pdf (9 pages, 328434 bytes).
PDF statistics:
 771 PDF objects out of 1000 (max. 8388607)
 464 compressed objects within 5 object streams
 152 named destinations out of 1000 (max. 500000)
 325 words of extra memory for PDF output out of 10000 (max. 10000000)

